[26-May-2025 15:52:06 UTC] Failed to set thumbnail for service: UI/UX Design. Image path: https://antiquewhite-lobster-817950.hostingersite.com/wp-content/themes/twentytwenty/img/service_1.jpeg
[26-May-2025 15:52:06 UTC] Failed to set thumbnail for service: React.js Development. Image path: https://antiquewhite-lobster-817950.hostingersite.com/wp-content/themes/twentytwenty/img/service_2.jpeg
[26-May-2025 15:52:06 UTC] Failed to set thumbnail for service: Digital Marketing. Image path: https://antiquewhite-lobster-817950.hostingersite.com/wp-content/themes/twentytwenty/img/service_3.jpeg
[26-May-2025 15:52:06 UTC] Failed to set thumbnail for service: Technology. Image path: https://antiquewhite-lobster-817950.hostingersite.com/wp-content/themes/twentytwenty/img/service_4.jpeg
[26-May-2025 15:52:06 UTC] Rewrite rules flushed
[26-May-2025 15:52:06 UTC] Failed to set thumbnail for service: UI/UX Design. Image path: https://antiquewhite-lobster-817950.hostingersite.com/wp-content/themes/twentytwenty/img/service_1.jpeg
[26-May-2025 15:52:06 UTC] Failed to set thumbnail for service: React.js Development. Image path: https://antiquewhite-lobster-817950.hostingersite.com/wp-content/themes/twentytwenty/img/service_2.jpeg
[26-May-2025 15:52:06 UTC] Failed to set thumbnail for service: Digital Marketing. Image path: https://antiquewhite-lobster-817950.hostingersite.com/wp-content/themes/twentytwenty/img/service_3.jpeg
[26-May-2025 15:52:06 UTC] Failed to set thumbnail for service: Technology. Image path: https://antiquewhite-lobster-817950.hostingersite.com/wp-content/themes/twentytwenty/img/service_4.jpeg
[26-May-2025 15:52:06 UTC] Rewrite rules flushed
[26-May-2025 15:52:06 UTC] Failed to set thumbnail for service: UI/UX Design. Image path: https://antiquewhite-lobster-817950.hostingersite.com/wp-content/themes/twentytwenty/img/service_1.jpeg
[26-May-2025 15:52:06 UTC] Failed to set thumbnail for service: React.js Development. Image path: https://antiquewhite-lobster-817950.hostingersite.com/wp-content/themes/twentytwenty/img/service_2.jpeg
[26-May-2025 15:52:06 UTC] Failed to set thumbnail for service: Digital Marketing. Image path: https://antiquewhite-lobster-817950.hostingersite.com/wp-content/themes/twentytwenty/img/service_3.jpeg
[26-May-2025 15:52:06 UTC] Failed to set thumbnail for service: Technology. Image path: https://antiquewhite-lobster-817950.hostingersite.com/wp-content/themes/twentytwenty/img/service_4.jpeg
[26-May-2025 15:52:06 UTC] Rewrite rules flushed
[26-May-2025 15:52:12 UTC] Failed to set thumbnail for service: UI/UX Design. Image path: https://antiquewhite-lobster-817950.hostingersite.com/wp-content/themes/twentytwenty/img/service_1.jpeg
[26-May-2025 15:52:12 UTC] Failed to set thumbnail for service: React.js Development. Image path: https://antiquewhite-lobster-817950.hostingersite.com/wp-content/themes/twentytwenty/img/service_2.jpeg
[26-May-2025 15:52:12 UTC] Failed to set thumbnail for service: Digital Marketing. Image path: https://antiquewhite-lobster-817950.hostingersite.com/wp-content/themes/twentytwenty/img/service_3.jpeg
[26-May-2025 15:52:12 UTC] Failed to set thumbnail for service: Technology. Image path: https://antiquewhite-lobster-817950.hostingersite.com/wp-content/themes/twentytwenty/img/service_4.jpeg
[26-May-2025 15:52:12 UTC] Rewrite rules flushed
[26-May-2025 15:52:12 UTC] Not a Service Post. Post Type: page
[26-May-2025 15:52:12 UTC] Services Query Results: Array
(
    [0] => WP_Post Object
        (
            [ID] => 174
            [post_author] => 1
            [post_date] => 2025-05-26 15:52:12
            [post_date_gmt] => 2025-05-26 15:52:12
            [post_content] => Leverage the latest technology solutions to drive your business forward.
            [post_title] => Technology
            [post_excerpt] => 
            [post_status] => publish
            [comment_status] => closed
            [ping_status] => closed
            [post_password] => 
            [post_name] => technology-5
            [to_ping] => 
            [pinged] => 
            [post_modified] => 2025-05-26 15:52:12
            [post_modified_gmt] => 2025-05-26 15:52:12
            [post_content_filtered] => 
            [post_parent] => 0
            [guid] => https://antiquewhite-lobster-817950.hostingersite.com/service/technology-5/
            [menu_order] => 0
            [post_type] => service
            [post_mime_type] => 
            [comment_count] => 0
            [filter] => raw
        )

    [1] => WP_Post Object
        (
            [ID] => 173
            [post_author] => 1
            [post_date] => 2025-05-26 15:52:12
            [post_date_gmt] => 2025-05-26 15:52:12
            [post_content] => Boost your online presence with our comprehensive digital marketing strategies.
            [post_title] => Digital Marketing
            [post_excerpt] => 
            [post_status] => publish
            [comment_status] => closed
            [ping_status] => closed
            [post_password] => 
            [post_name] => digital-marketing-5
            [to_ping] => 
            [pinged] => 
            [post_modified] => 2025-05-26 15:52:12
            [post_modified_gmt] => 2025-05-26 15:52:12
            [post_content_filtered] => 
            [post_parent] => 0
            [guid] => https://antiquewhite-lobster-817950.hostingersite.com/service/digital-marketing-5/
            [menu_order] => 0
            [post_type] => service
            [post_mime_type] => 
            [comment_count] => 0
            [filter] => raw
        )

    [2] => WP_Post Object
        (
            [ID] => 172
            [post_author] => 1
            [post_date] => 2025-05-26 15:52:12
            [post_date_gmt] => 2025-05-26 15:52:12
            [post_content] => Our team specializes in React.js development to build fast and scalable web applications.
            [post_title] => React.js Development
            [post_excerpt] => 
            [post_status] => publish
            [comment_status] => closed
            [ping_status] => closed
            [post_password] => 
            [post_name] => react-js-development-5
            [to_ping] => 
            [pinged] => 
            [post_modified] => 2025-05-26 15:52:12
            [post_modified_gmt] => 2025-05-26 15:52:12
            [post_content_filtered] => 
            [post_parent] => 0
            [guid] => https://antiquewhite-lobster-817950.hostingersite.com/service/react-js-development-5/
            [menu_order] => 0
            [post_type] => service
            [post_mime_type] => 
            [comment_count] => 0
            [filter] => raw
        )

    [3] => WP_Post Object
        (
            [ID] => 171
            [post_author] => 1
            [post_date] => 2025-05-26 15:52:12
            [post_date_gmt] => 2025-05-26 15:52:12
            [post_content] => We provide top-notch UI/UX design services to create user-friendly and visually appealing interfaces.
            [post_title] => UI/UX Design
            [post_excerpt] => 
            [post_status] => publish
            [comment_status] => closed
            [ping_status] => closed
            [post_password] => 
            [post_name] => ui-ux-design-5
            [to_ping] => 
            [pinged] => 
            [post_modified] => 2025-05-26 15:52:12
            [post_modified_gmt] => 2025-05-26 15:52:12
            [post_content_filtered] => 
            [post_parent] => 0
            [guid] => https://antiquewhite-lobster-817950.hostingersite.com/service/ui-ux-design-5/
            [menu_order] => 0
            [post_type] => service
            [post_mime_type] => 
            [comment_count] => 0
            [filter] => raw
        )

)

[26-May-2025 15:52:12 UTC] Service: Technology, Permalink: https://antiquewhite-lobster-817950.hostingersite.com/service/technology-5/
[26-May-2025 15:52:12 UTC] Service: Digital Marketing, Permalink: https://antiquewhite-lobster-817950.hostingersite.com/service/digital-marketing-5/
[26-May-2025 15:52:12 UTC] Service: React.js Development, Permalink: https://antiquewhite-lobster-817950.hostingersite.com/service/react-js-development-5/
[26-May-2025 15:52:12 UTC] Service: UI/UX Design, Permalink: https://antiquewhite-lobster-817950.hostingersite.com/service/ui-ux-design-5/
[26-May-2025 15:52:12 UTC] Failed to set thumbnail for service: UI/UX Design. Image path: https://antiquewhite-lobster-817950.hostingersite.com/wp-content/themes/twentytwenty/img/service_1.jpeg
[26-May-2025 15:52:12 UTC] Failed to set thumbnail for service: React.js Development. Image path: https://antiquewhite-lobster-817950.hostingersite.com/wp-content/themes/twentytwenty/img/service_2.jpeg
[26-May-2025 15:52:12 UTC] Failed to set thumbnail for service: Digital Marketing. Image path: https://antiquewhite-lobster-817950.hostingersite.com/wp-content/themes/twentytwenty/img/service_3.jpeg
[26-May-2025 15:52:12 UTC] Failed to set thumbnail for service: Technology. Image path: https://antiquewhite-lobster-817950.hostingersite.com/wp-content/themes/twentytwenty/img/service_4.jpeg
[26-May-2025 15:52:12 UTC] Rewrite rules flushed
[26-May-2025 15:52:12 UTC] Not a Service Post. Post Type: post
[26-May-2025 15:52:14 UTC] Failed to set thumbnail for service: UI/UX Design. Image path: https://antiquewhite-lobster-817950.hostingersite.com/wp-content/themes/twentytwenty/img/service_1.jpeg
[26-May-2025 15:52:14 UTC] Failed to set thumbnail for service: React.js Development. Image path: https://antiquewhite-lobster-817950.hostingersite.com/wp-content/themes/twentytwenty/img/service_2.jpeg
[26-May-2025 15:52:14 UTC] Failed to set thumbnail for service: Digital Marketing. Image path: https://antiquewhite-lobster-817950.hostingersite.com/wp-content/themes/twentytwenty/img/service_3.jpeg
[26-May-2025 15:52:14 UTC] Failed to set thumbnail for service: Technology. Image path: https://antiquewhite-lobster-817950.hostingersite.com/wp-content/themes/twentytwenty/img/service_4.jpeg
[26-May-2025 15:52:14 UTC] Rewrite rules flushed
[26-May-2025 15:52:14 UTC] Post Type is Service. Post ID: 174, Post Type: service
[26-May-2025 15:52:14 UTC] Single Service Template Found: /home/u777841430/domains/antiquewhite-lobster-817950.hostingersite.com/public_html/wp-content/themes/twentytwenty/single-service.php
[26-May-2025 15:52:14 UTC] Single Service Post ID: 174, Title: Technology, Post Type: service
[26-May-2025 15:52:14 UTC] Service Content: Leverage the latest technology solutions to drive your business forward.
[26-May-2025 15:52:15 UTC] Failed to set thumbnail for service: UI/UX Design. Image path: https://antiquewhite-lobster-817950.hostingersite.com/wp-content/themes/twentytwenty/img/service_1.jpeg
[26-May-2025 15:52:15 UTC] Failed to set thumbnail for service: React.js Development. Image path: https://antiquewhite-lobster-817950.hostingersite.com/wp-content/themes/twentytwenty/img/service_2.jpeg
[26-May-2025 15:52:15 UTC] Failed to set thumbnail for service: Digital Marketing. Image path: https://antiquewhite-lobster-817950.hostingersite.com/wp-content/themes/twentytwenty/img/service_3.jpeg
[26-May-2025 15:52:15 UTC] Failed to set thumbnail for service: Technology. Image path: https://antiquewhite-lobster-817950.hostingersite.com/wp-content/themes/twentytwenty/img/service_4.jpeg
[26-May-2025 15:52:15 UTC] Rewrite rules flushed
[26-May-2025 15:52:15 UTC] Not a Service Post. Post Type: post
[26-May-2025 15:52:33 UTC] Failed to set thumbnail for service: UI/UX Design. Image path: https://antiquewhite-lobster-817950.hostingersite.com/wp-content/themes/twentytwenty/img/service_1.jpeg
[26-May-2025 15:52:33 UTC] Failed to set thumbnail for service: React.js Development. Image path: https://antiquewhite-lobster-817950.hostingersite.com/wp-content/themes/twentytwenty/img/service_2.jpeg
[26-May-2025 15:52:33 UTC] Failed to set thumbnail for service: Digital Marketing. Image path: https://antiquewhite-lobster-817950.hostingersite.com/wp-content/themes/twentytwenty/img/service_3.jpeg
[26-May-2025 15:52:33 UTC] Failed to set thumbnail for service: Technology. Image path: https://antiquewhite-lobster-817950.hostingersite.com/wp-content/themes/twentytwenty/img/service_4.jpeg
[26-May-2025 15:52:33 UTC] Rewrite rules flushed
[26-May-2025 15:52:34 UTC] Failed to set thumbnail for service: UI/UX Design. Image path: https://antiquewhite-lobster-817950.hostingersite.com/wp-content/themes/twentytwenty/img/service_1.jpeg
[26-May-2025 15:52:34 UTC] Failed to set thumbnail for service: React.js Development. Image path: https://antiquewhite-lobster-817950.hostingersite.com/wp-content/themes/twentytwenty/img/service_2.jpeg
[26-May-2025 15:52:34 UTC] Failed to set thumbnail for service: Digital Marketing. Image path: https://antiquewhite-lobster-817950.hostingersite.com/wp-content/themes/twentytwenty/img/service_3.jpeg
[26-May-2025 15:52:34 UTC] Failed to set thumbnail for service: Technology. Image path: https://antiquewhite-lobster-817950.hostingersite.com/wp-content/themes/twentytwenty/img/service_4.jpeg
[26-May-2025 15:52:34 UTC] Rewrite rules flushed
[26-May-2025 15:52:34 UTC] Failed to set thumbnail for service: UI/UX Design. Image path: https://antiquewhite-lobster-817950.hostingersite.com/wp-content/themes/twentytwenty/img/service_1.jpeg
[26-May-2025 15:52:34 UTC] Failed to set thumbnail for service: React.js Development. Image path: https://antiquewhite-lobster-817950.hostingersite.com/wp-content/themes/twentytwenty/img/service_2.jpeg
[26-May-2025 15:52:34 UTC] Failed to set thumbnail for service: Digital Marketing. Image path: https://antiquewhite-lobster-817950.hostingersite.com/wp-content/themes/twentytwenty/img/service_3.jpeg
[26-May-2025 15:52:34 UTC] Failed to set thumbnail for service: Technology. Image path: https://antiquewhite-lobster-817950.hostingersite.com/wp-content/themes/twentytwenty/img/service_4.jpeg
[26-May-2025 15:52:34 UTC] Rewrite rules flushed
[26-May-2025 15:52:44 UTC] Failed to set thumbnail for service: UI/UX Design. Image path: https://antiquewhite-lobster-817950.hostingersite.com/wp-content/themes/twentytwenty/img/service_1.jpeg
[26-May-2025 15:52:44 UTC] Failed to set thumbnail for service: React.js Development. Image path: https://antiquewhite-lobster-817950.hostingersite.com/wp-content/themes/twentytwenty/img/service_2.jpeg
[26-May-2025 15:52:44 UTC] Failed to set thumbnail for service: Digital Marketing. Image path: https://antiquewhite-lobster-817950.hostingersite.com/wp-content/themes/twentytwenty/img/service_3.jpeg
[26-May-2025 15:52:44 UTC] Failed to set thumbnail for service: Technology. Image path: https://antiquewhite-lobster-817950.hostingersite.com/wp-content/themes/twentytwenty/img/service_4.jpeg
[26-May-2025 15:52:44 UTC] Rewrite rules flushed
[26-May-2025 15:52:44 UTC] Failed to set thumbnail for service: UI/UX Design. Image path: https://antiquewhite-lobster-817950.hostingersite.com/wp-content/themes/twentytwenty/img/service_1.jpeg
[26-May-2025 15:52:44 UTC] Failed to set thumbnail for service: React.js Development. Image path: https://antiquewhite-lobster-817950.hostingersite.com/wp-content/themes/twentytwenty/img/service_2.jpeg
[26-May-2025 15:52:44 UTC] Failed to set thumbnail for service: Digital Marketing. Image path: https://antiquewhite-lobster-817950.hostingersite.com/wp-content/themes/twentytwenty/img/service_3.jpeg
[26-May-2025 15:52:44 UTC] Failed to set thumbnail for service: Technology. Image path: https://antiquewhite-lobster-817950.hostingersite.com/wp-content/themes/twentytwenty/img/service_4.jpeg
[26-May-2025 15:52:44 UTC] Rewrite rules flushed
[26-May-2025 15:52:44 UTC] Failed to set thumbnail for service: UI/UX Design. Image path: https://antiquewhite-lobster-817950.hostingersite.com/wp-content/themes/twentytwenty/img/service_1.jpeg
[26-May-2025 15:52:44 UTC] Failed to set thumbnail for service: React.js Development. Image path: https://antiquewhite-lobster-817950.hostingersite.com/wp-content/themes/twentytwenty/img/service_2.jpeg
[26-May-2025 15:52:44 UTC] Failed to set thumbnail for service: Digital Marketing. Image path: https://antiquewhite-lobster-817950.hostingersite.com/wp-content/themes/twentytwenty/img/service_3.jpeg
[26-May-2025 15:52:44 UTC] Failed to set thumbnail for service: Technology. Image path: https://antiquewhite-lobster-817950.hostingersite.com/wp-content/themes/twentytwenty/img/service_4.jpeg
[26-May-2025 15:52:44 UTC] Rewrite rules flushed
[26-May-2025 15:52:55 UTC] Failed to set thumbnail for service: UI/UX Design. Image path: https://antiquewhite-lobster-817950.hostingersite.com/wp-content/themes/twentytwenty/img/service_1.jpeg
[26-May-2025 15:52:55 UTC] Failed to set thumbnail for service: React.js Development. Image path: https://antiquewhite-lobster-817950.hostingersite.com/wp-content/themes/twentytwenty/img/service_2.jpeg
[26-May-2025 15:52:55 UTC] Failed to set thumbnail for service: Digital Marketing. Image path: https://antiquewhite-lobster-817950.hostingersite.com/wp-content/themes/twentytwenty/img/service_3.jpeg
[26-May-2025 15:52:55 UTC] Failed to set thumbnail for service: Technology. Image path: https://antiquewhite-lobster-817950.hostingersite.com/wp-content/themes/twentytwenty/img/service_4.jpeg
[26-May-2025 15:52:55 UTC] Rewrite rules flushed
[26-May-2025 15:53:56 UTC] Failed to set thumbnail for service: UI/UX Design. Image path: https://antiquewhite-lobster-817950.hostingersite.com/wp-content/themes/twentytwenty/img/service_1.jpeg
[26-May-2025 15:53:56 UTC] Failed to set thumbnail for service: React.js Development. Image path: https://antiquewhite-lobster-817950.hostingersite.com/wp-content/themes/twentytwenty/img/service_2.jpeg
[26-May-2025 15:53:56 UTC] Failed to set thumbnail for service: Digital Marketing. Image path: https://antiquewhite-lobster-817950.hostingersite.com/wp-content/themes/twentytwenty/img/service_3.jpeg
[26-May-2025 15:53:56 UTC] Failed to set thumbnail for service: Technology. Image path: https://antiquewhite-lobster-817950.hostingersite.com/wp-content/themes/twentytwenty/img/service_4.jpeg
[26-May-2025 15:53:56 UTC] Rewrite rules flushed
[26-May-2025 15:53:56 UTC] Failed to set thumbnail for service: UI/UX Design. Image path: https://antiquewhite-lobster-817950.hostingersite.com/wp-content/themes/twentytwenty/img/service_1.jpeg
[26-May-2025 15:53:56 UTC] Failed to set thumbnail for service: React.js Development. Image path: https://antiquewhite-lobster-817950.hostingersite.com/wp-content/themes/twentytwenty/img/service_2.jpeg
[26-May-2025 15:53:56 UTC] Failed to set thumbnail for service: Digital Marketing. Image path: https://antiquewhite-lobster-817950.hostingersite.com/wp-content/themes/twentytwenty/img/service_3.jpeg
[26-May-2025 15:53:56 UTC] Failed to set thumbnail for service: Technology. Image path: https://antiquewhite-lobster-817950.hostingersite.com/wp-content/themes/twentytwenty/img/service_4.jpeg
[26-May-2025 15:53:56 UTC] Rewrite rules flushed
[26-May-2025 15:53:56 UTC] Failed to set thumbnail for service: UI/UX Design. Image path: https://antiquewhite-lobster-817950.hostingersite.com/wp-content/themes/twentytwenty/img/service_1.jpeg
[26-May-2025 15:53:56 UTC] Failed to set thumbnail for service: React.js Development. Image path: https://antiquewhite-lobster-817950.hostingersite.com/wp-content/themes/twentytwenty/img/service_2.jpeg
[26-May-2025 15:53:56 UTC] Failed to set thumbnail for service: Digital Marketing. Image path: https://antiquewhite-lobster-817950.hostingersite.com/wp-content/themes/twentytwenty/img/service_3.jpeg
[26-May-2025 15:53:56 UTC] Failed to set thumbnail for service: Technology. Image path: https://antiquewhite-lobster-817950.hostingersite.com/wp-content/themes/twentytwenty/img/service_4.jpeg
[26-May-2025 15:53:56 UTC] Rewrite rules flushed
[26-May-2025 15:54:06 UTC] Failed to set thumbnail for service: UI/UX Design. Image path: https://antiquewhite-lobster-817950.hostingersite.com/wp-content/themes/twentytwenty/img/service_1.jpeg
[26-May-2025 15:54:06 UTC] Failed to set thumbnail for service: React.js Development. Image path: https://antiquewhite-lobster-817950.hostingersite.com/wp-content/themes/twentytwenty/img/service_2.jpeg
[26-May-2025 15:54:06 UTC] Failed to set thumbnail for service: Digital Marketing. Image path: https://antiquewhite-lobster-817950.hostingersite.com/wp-content/themes/twentytwenty/img/service_3.jpeg
[26-May-2025 15:54:06 UTC] Failed to set thumbnail for service: Technology. Image path: https://antiquewhite-lobster-817950.hostingersite.com/wp-content/themes/twentytwenty/img/service_4.jpeg
[26-May-2025 15:54:06 UTC] Rewrite rules flushed
[26-May-2025 15:54:16 UTC] Failed to set thumbnail for service: UI/UX Design. Image path: https://antiquewhite-lobster-817950.hostingersite.com/wp-content/themes/twentytwenty/img/service_1.jpeg
[26-May-2025 15:54:16 UTC] Failed to set thumbnail for service: React.js Development. Image path: https://antiquewhite-lobster-817950.hostingersite.com/wp-content/themes/twentytwenty/img/service_2.jpeg
[26-May-2025 15:54:16 UTC] Failed to set thumbnail for service: Digital Marketing. Image path: https://antiquewhite-lobster-817950.hostingersite.com/wp-content/themes/twentytwenty/img/service_3.jpeg
[26-May-2025 15:54:16 UTC] Failed to set thumbnail for service: Technology. Image path: https://antiquewhite-lobster-817950.hostingersite.com/wp-content/themes/twentytwenty/img/service_4.jpeg
[26-May-2025 15:54:16 UTC] Rewrite rules flushed
[26-May-2025 15:54:26 UTC] Failed to set thumbnail for service: UI/UX Design. Image path: https://antiquewhite-lobster-817950.hostingersite.com/wp-content/themes/twentytwenty/img/service_1.jpeg
[26-May-2025 15:54:26 UTC] Failed to set thumbnail for service: React.js Development. Image path: https://antiquewhite-lobster-817950.hostingersite.com/wp-content/themes/twentytwenty/img/service_2.jpeg
[26-May-2025 15:54:26 UTC] Failed to set thumbnail for service: Digital Marketing. Image path: https://antiquewhite-lobster-817950.hostingersite.com/wp-content/themes/twentytwenty/img/service_3.jpeg
[26-May-2025 15:54:26 UTC] Failed to set thumbnail for service: Technology. Image path: https://antiquewhite-lobster-817950.hostingersite.com/wp-content/themes/twentytwenty/img/service_4.jpeg
[26-May-2025 15:54:26 UTC] Rewrite rules flushed
[26-May-2025 15:54:37 UTC] Failed to set thumbnail for service: UI/UX Design. Image path: https://antiquewhite-lobster-817950.hostingersite.com/wp-content/themes/twentytwenty/img/service_1.jpeg
[26-May-2025 15:54:37 UTC] Failed to set thumbnail for service: React.js Development. Image path: https://antiquewhite-lobster-817950.hostingersite.com/wp-content/themes/twentytwenty/img/service_2.jpeg
[26-May-2025 15:54:37 UTC] Failed to set thumbnail for service: Digital Marketing. Image path: https://antiquewhite-lobster-817950.hostingersite.com/wp-content/themes/twentytwenty/img/service_3.jpeg
[26-May-2025 15:54:37 UTC] Failed to set thumbnail for service: Technology. Image path: https://antiquewhite-lobster-817950.hostingersite.com/wp-content/themes/twentytwenty/img/service_4.jpeg
[26-May-2025 15:54:37 UTC] Rewrite rules flushed
[26-May-2025 15:55:18 UTC] Rewrite rules flushed
[26-May-2025 15:55:18 UTC] Rewrite rules flushed
[26-May-2025 15:55:18 UTC] Rewrite rules flushed
[26-May-2025 15:55:21 UTC] Rewrite rules flushed
[26-May-2025 15:55:21 UTC] Rewrite rules flushed
[26-May-2025 15:55:31 UTC] Rewrite rules flushed
[26-May-2025 15:55:40 UTC] Rewrite rules flushed
[26-May-2025 15:55:40 UTC] Rewrite rules flushed
[26-May-2025 15:55:40 UTC] Rewrite rules flushed
[26-May-2025 15:55:40 UTC] Rewrite rules flushed
[26-May-2025 15:55:50 UTC] Rewrite rules flushed
[26-May-2025 15:55:58 UTC] Rewrite rules flushed
[26-May-2025 15:55:58 UTC] Rewrite rules flushed
[26-May-2025 15:55:58 UTC] Rewrite rules flushed
[26-May-2025 15:56:05 UTC] Rewrite rules flushed
[26-May-2025 15:56:05 UTC] Rewrite rules flushed
[26-May-2025 15:56:05 UTC] Rewrite rules flushed
[26-May-2025 15:56:10 UTC] Rewrite rules flushed
[26-May-2025 15:56:10 UTC] Rewrite rules flushed
[26-May-2025 15:56:11 UTC] Rewrite rules flushed
[26-May-2025 15:56:15 UTC] Rewrite rules flushed
[26-May-2025 15:56:15 UTC] Rewrite rules flushed
[26-May-2025 15:56:16 UTC] Rewrite rules flushed
[26-May-2025 15:56:22 UTC] Rewrite rules flushed
[26-May-2025 15:56:24 UTC] Rewrite rules flushed
[26-May-2025 15:56:25 UTC] Rewrite rules flushed
[26-May-2025 15:56:26 UTC] Rewrite rules flushed
[26-May-2025 15:56:27 UTC] Rewrite rules flushed
[26-May-2025 15:56:29 UTC] Rewrite rules flushed
[26-May-2025 15:56:30 UTC] Rewrite rules flushed
[26-May-2025 15:56:30 UTC] Rewrite rules flushed
[26-May-2025 15:56:32 UTC] Rewrite rules flushed
[26-May-2025 15:56:33 UTC] Rewrite rules flushed
[26-May-2025 15:56:35 UTC] Rewrite rules flushed
[26-May-2025 15:57:38 UTC] Rewrite rules flushed
[26-May-2025 15:57:38 UTC] Rewrite rules flushed
[26-May-2025 15:57:38 UTC] Rewrite rules flushed
[26-May-2025 15:59:38 UTC] Rewrite rules flushed
[26-May-2025 15:59:38 UTC] Rewrite rules flushed
[26-May-2025 15:59:38 UTC] Rewrite rules flushed
[26-May-2025 16:01:39 UTC] Rewrite rules flushed
[26-May-2025 16:01:39 UTC] Rewrite rules flushed
[26-May-2025 16:01:39 UTC] Rewrite rules flushed
[26-May-2025 16:03:38 UTC] Rewrite rules flushed
[26-May-2025 16:03:38 UTC] Rewrite rules flushed
[26-May-2025 16:03:38 UTC] Rewrite rules flushed
[26-May-2025 16:04:38 UTC] Rewrite rules flushed
[26-May-2025 16:04:38 UTC] Rewrite rules flushed
[26-May-2025 16:04:38 UTC] Rewrite rules flushed
[26-May-2025 16:05:39 UTC] Rewrite rules flushed
[26-May-2025 16:05:39 UTC] Rewrite rules flushed
[26-May-2025 16:05:39 UTC] Rewrite rules flushed
[26-May-2025 16:05:43 UTC] Rewrite rules flushed
[26-May-2025 16:05:43 UTC] Rewrite rules flushed
[26-May-2025 16:05:43 UTC] Rewrite rules flushed
[26-May-2025 16:05:43 UTC] Rewrite rules flushed
[26-May-2025 16:05:44 UTC] Rewrite rules flushed
[26-May-2025 16:06:28 UTC] Rewrite rules flushed
[26-May-2025 16:06:43 UTC] Rewrite rules flushed
[26-May-2025 16:06:43 UTC] Rewrite rules flushed
[26-May-2025 16:06:44 UTC] Rewrite rules flushed
[26-May-2025 16:07:43 UTC] Rewrite rules flushed
[26-May-2025 16:07:43 UTC] Rewrite rules flushed
[26-May-2025 16:07:43 UTC] Rewrite rules flushed
[26-May-2025 16:08:43 UTC] Rewrite rules flushed
[26-May-2025 16:08:43 UTC] Rewrite rules flushed
[26-May-2025 16:08:43 UTC] Rewrite rules flushed
[26-May-2025 16:08:47 UTC] Rewrite rules flushed
[26-May-2025 16:09:20 UTC] Rewrite rules flushed
[26-May-2025 16:09:21 UTC] Rewrite rules flushed
[26-May-2025 16:09:21 UTC] Rewrite rules flushed
[26-May-2025 16:10:22 UTC] Rewrite rules flushed
[26-May-2025 16:10:22 UTC] Rewrite rules flushed
[26-May-2025 16:10:22 UTC] Rewrite rules flushed
[26-May-2025 16:11:22 UTC] Rewrite rules flushed
[26-May-2025 16:11:22 UTC] Rewrite rules flushed
[26-May-2025 16:11:22 UTC] Rewrite rules flushed
[26-May-2025 16:12:21 UTC] Rewrite rules flushed
[26-May-2025 16:12:22 UTC] Rewrite rules flushed
[26-May-2025 16:12:22 UTC] Rewrite rules flushed
[26-May-2025 16:13:22 UTC] Rewrite rules flushed
[26-May-2025 16:13:22 UTC] Rewrite rules flushed
[26-May-2025 16:13:22 UTC] Rewrite rules flushed
[26-May-2025 16:15:22 UTC] Rewrite rules flushed
[26-May-2025 16:15:22 UTC] Rewrite rules flushed
[26-May-2025 16:15:22 UTC] Rewrite rules flushed
[26-May-2025 16:45:07 UTC] Rewrite rules flushed
[26-May-2025 16:45:07 UTC] Rewrite rules flushed
[26-May-2025 16:45:07 UTC] Rewrite rules flushed
[26-May-2025 16:45:52 UTC] Rewrite rules flushed
[26-May-2025 16:45:52 UTC] Rewrite rules flushed
[26-May-2025 16:45:52 UTC] Rewrite rules flushed
[26-May-2025 16:45:52 UTC] Rewrite rules flushed
[26-May-2025 16:45:52 UTC] Not a Service Post. Post Type: page
[26-May-2025 16:45:52 UTC] Services Query Results: Array
(
    [0] => WP_Post Object
        (
            [ID] => 243
            [post_author] => 1
            [post_date] => 2025-05-26 16:09:21
            [post_date_gmt] => 2025-05-26 16:09:21
            [post_content] => It is a UI UX service
            [post_title] => UI/UX Design
            [post_excerpt] => 
            [post_status] => publish
            [comment_status] => closed
            [ping_status] => closed
            [post_password] => 
            [post_name] => ui-ux-design
            [to_ping] => 
            [pinged] => 
            [post_modified] => 2025-05-26 16:09:21
            [post_modified_gmt] => 2025-05-26 16:09:21
            [post_content_filtered] => 
            [post_parent] => 0
            [guid] => https://antiquewhite-lobster-817950.hostingersite.com/?post_type=service&#038;p=243
            [menu_order] => 0
            [post_type] => service
            [post_mime_type] => 
            [comment_count] => 0
            [filter] => raw
        )

)

[26-May-2025 16:45:52 UTC] Service: UI/UX Design, Permalink: https://antiquewhite-lobster-817950.hostingersite.com/service/ui-ux-design/
[26-May-2025 16:45:58 UTC] Rewrite rules flushed
[26-May-2025 16:45:59 UTC] Post Type is Service. Post ID: 243, Post Type: service
[26-May-2025 16:45:59 UTC] Single Service Template Found: /home/u777841430/domains/antiquewhite-lobster-817950.hostingersite.com/public_html/wp-content/themes/twentytwenty/single-service.php
[26-May-2025 16:45:59 UTC] Single Service Post ID: 243, Title: UI/UX Design, Post Type: service
[26-May-2025 16:45:59 UTC] Service Content: It is a UI UX service
[26-May-2025 16:46:06 UTC] Rewrite rules flushed
[26-May-2025 16:48:06 UTC] Rewrite rules flushed
[26-May-2025 16:48:06 UTC] Rewrite rules flushed
[26-May-2025 16:48:06 UTC] Rewrite rules flushed
[26-May-2025 16:48:14 UTC] Rewrite rules flushed
[26-May-2025 16:48:22 UTC] PHP Notice:  Function _load_textdomain_just_in_time was called <strong>incorrectly</strong>. Translation loading for the <code>all-in-one-wp-migration</code> domain was triggered too early. This is usually an indicator for some code in the plugin or theme running too early. Translations should be loaded at the <code>init</code> action or later. Please see <a href="https://developer.wordpress.org/advanced-administration/debug/debug-wordpress/">Debugging in WordPress</a> for more information. (This message was added in version 6.7.0.) in /home/u777841430/domains/antiquewhite-lobster-817950.hostingersite.com/public_html/wp-includes/functions.php on line 6121
[26-May-2025 16:48:23 UTC] Rewrite rules flushed
[26-May-2025 16:48:23 UTC] Not a Service Post. Post Type: page
[26-May-2025 16:48:23 UTC] Services Query Results: Array
(
    [0] => WP_Post Object
        (
            [ID] => 243
            [post_author] => 1
            [post_date] => 2025-05-26 16:09:21
            [post_date_gmt] => 2025-05-26 16:09:21
            [post_content] => It is a UI UX service
            [post_title] => UI/UX Design
            [post_excerpt] => 
            [post_status] => publish
            [comment_status] => closed
            [ping_status] => closed
            [post_password] => 
            [post_name] => ui-ux-design
            [to_ping] => 
            [pinged] => 
            [post_modified] => 2025-05-26 16:09:21
            [post_modified_gmt] => 2025-05-26 16:09:21
            [post_content_filtered] => 
            [post_parent] => 0
            [guid] => https://antiquewhite-lobster-817950.hostingersite.com/?post_type=service&#038;p=243
            [menu_order] => 0
            [post_type] => service
            [post_mime_type] => 
            [comment_count] => 0
            [filter] => raw
        )

)

[26-May-2025 16:48:23 UTC] Service: UI/UX Design, Permalink: https://antiquewhite-lobster-817950.hostingersite.com/service/ui-ux-design/
[26-May-2025 16:48:24 UTC] PHP Notice:  Function _load_textdomain_just_in_time was called <strong>incorrectly</strong>. Translation loading for the <code>all-in-one-wp-migration</code> domain was triggered too early. This is usually an indicator for some code in the plugin or theme running too early. Translations should be loaded at the <code>init</code> action or later. Please see <a href="https://developer.wordpress.org/advanced-administration/debug/debug-wordpress/">Debugging in WordPress</a> for more information. (This message was added in version 6.7.0.) in /home/u777841430/domains/antiquewhite-lobster-817950.hostingersite.com/public_html/wp-includes/functions.php on line 6121
[26-May-2025 16:48:24 UTC] Rewrite rules flushed
[26-May-2025 16:48:24 UTC] Rewrite rules flushed
[26-May-2025 16:48:24 UTC] Rewrite rules flushed
[26-May-2025 16:48:24 UTC] Not a Service Post. Post Type: page
[26-May-2025 16:48:24 UTC] Services Query Results: Array
(
    [0] => WP_Post Object
        (
            [ID] => 243
            [post_author] => 1
            [post_date] => 2025-05-26 16:09:21
            [post_date_gmt] => 2025-05-26 16:09:21
            [post_content] => It is a UI UX service
            [post_title] => UI/UX Design
            [post_excerpt] => 
            [post_status] => publish
            [comment_status] => closed
            [ping_status] => closed
            [post_password] => 
            [post_name] => ui-ux-design
            [to_ping] => 
            [pinged] => 
            [post_modified] => 2025-05-26 16:09:21
            [post_modified_gmt] => 2025-05-26 16:09:21
            [post_content_filtered] => 
            [post_parent] => 0
            [guid] => https://antiquewhite-lobster-817950.hostingersite.com/?post_type=service&#038;p=243
            [menu_order] => 0
            [post_type] => service
            [post_mime_type] => 
            [comment_count] => 0
            [filter] => raw
        )

)

[26-May-2025 16:48:24 UTC] Service: UI/UX Design, Permalink: https://antiquewhite-lobster-817950.hostingersite.com/service/ui-ux-design/
[26-May-2025 16:48:24 UTC] PHP Notice:  Function _load_textdomain_just_in_time was called <strong>incorrectly</strong>. Translation loading for the <code>all-in-one-wp-migration</code> domain was triggered too early. This is usually an indicator for some code in the plugin or theme running too early. Translations should be loaded at the <code>init</code> action or later. Please see <a href="https://developer.wordpress.org/advanced-administration/debug/debug-wordpress/">Debugging in WordPress</a> for more information. (This message was added in version 6.7.0.) in /home/u777841430/domains/antiquewhite-lobster-817950.hostingersite.com/public_html/wp-includes/functions.php on line 6121
[26-May-2025 16:48:25 UTC] Rewrite rules flushed
[26-May-2025 16:48:25 UTC] Rewrite rules flushed
[26-May-2025 16:48:25 UTC] PHP Notice:  Function _load_textdomain_just_in_time was called <strong>incorrectly</strong>. Translation loading for the <code>all-in-one-wp-migration</code> domain was triggered too early. This is usually an indicator for some code in the plugin or theme running too early. Translations should be loaded at the <code>init</code> action or later. Please see <a href="https://developer.wordpress.org/advanced-administration/debug/debug-wordpress/">Debugging in WordPress</a> for more information. (This message was added in version 6.7.0.) in /home/u777841430/domains/antiquewhite-lobster-817950.hostingersite.com/public_html/wp-includes/functions.php on line 6121
[26-May-2025 16:48:25 UTC] PHP Notice:  Function _load_textdomain_just_in_time was called <strong>incorrectly</strong>. Translation loading for the <code>all-in-one-wp-migration</code> domain was triggered too early. This is usually an indicator for some code in the plugin or theme running too early. Translations should be loaded at the <code>init</code> action or later. Please see <a href="https://developer.wordpress.org/advanced-administration/debug/debug-wordpress/">Debugging in WordPress</a> for more information. (This message was added in version 6.7.0.) in /home/u777841430/domains/antiquewhite-lobster-817950.hostingersite.com/public_html/wp-includes/functions.php on line 6121
[26-May-2025 16:48:28 UTC] Rewrite rules flushed
[26-May-2025 16:48:28 UTC] PHP Notice:  Function _load_textdomain_just_in_time was called <strong>incorrectly</strong>. Translation loading for the <code>all-in-one-wp-migration</code> domain was triggered too early. This is usually an indicator for some code in the plugin or theme running too early. Translations should be loaded at the <code>init</code> action or later. Please see <a href="https://developer.wordpress.org/advanced-administration/debug/debug-wordpress/">Debugging in WordPress</a> for more information. (This message was added in version 6.7.0.) in /home/u777841430/domains/antiquewhite-lobster-817950.hostingersite.com/public_html/wp-includes/functions.php on line 6121
[26-May-2025 18:30:12 UTC] PHP Notice:  Function _load_textdomain_just_in_time was called <strong>incorrectly</strong>. Translation loading for the <code>all-in-one-wp-migration</code> domain was triggered too early. This is usually an indicator for some code in the plugin or theme running too early. Translations should be loaded at the <code>init</code> action or later. Please see <a href="https://developer.wordpress.org/advanced-administration/debug/debug-wordpress/">Debugging in WordPress</a> for more information. (This message was added in version 6.7.0.) in /home/u777841430/domains/antiquewhite-lobster-817950.hostingersite.com/public_html/wp-includes/functions.php on line 6121
[26-May-2025 18:30:13 UTC] Rewrite rules flushed
[26-May-2025 18:30:13 UTC] Rewrite rules flushed
[26-May-2025 18:30:15 UTC] Rewrite rules flushed
[26-May-2025 18:30:15 UTC] Not a Service Post. Post Type: page
[26-May-2025 18:30:15 UTC] Services Query Results: Array
(
    [0] => WP_Post Object
        (
            [ID] => 243
            [post_author] => 1
            [post_date] => 2025-05-26 16:09:21
            [post_date_gmt] => 2025-05-26 16:09:21
            [post_content] => It is a UI UX service
            [post_title] => UI/UX Design
            [post_excerpt] => 
            [post_status] => publish
            [comment_status] => closed
            [ping_status] => closed
            [post_password] => 
            [post_name] => ui-ux-design
            [to_ping] => 
            [pinged] => 
            [post_modified] => 2025-05-26 16:09:21
            [post_modified_gmt] => 2025-05-26 16:09:21
            [post_content_filtered] => 
            [post_parent] => 0
            [guid] => https://antiquewhite-lobster-817950.hostingersite.com/?post_type=service&#038;p=243
            [menu_order] => 0
            [post_type] => service
            [post_mime_type] => 
            [comment_count] => 0
            [filter] => raw
        )

)

[26-May-2025 18:30:15 UTC] Service: UI/UX Design, Permalink: https://antiquewhite-lobster-817950.hostingersite.com/service/ui-ux-design/
[26-May-2025 18:30:17 UTC] Rewrite rules flushed
[26-May-2025 18:30:17 UTC] PHP Notice:  Function _load_textdomain_just_in_time was called <strong>incorrectly</strong>. Translation loading for the <code>all-in-one-wp-migration</code> domain was triggered too early. This is usually an indicator for some code in the plugin or theme running too early. Translations should be loaded at the <code>init</code> action or later. Please see <a href="https://developer.wordpress.org/advanced-administration/debug/debug-wordpress/">Debugging in WordPress</a> for more information. (This message was added in version 6.7.0.) in /home/u777841430/domains/antiquewhite-lobster-817950.hostingersite.com/public_html/wp-includes/functions.php on line 6121
[26-May-2025 18:30:17 UTC] Rewrite rules flushed
[26-May-2025 18:30:17 UTC] PHP Notice:  Function _load_textdomain_just_in_time was called <strong>incorrectly</strong>. Translation loading for the <code>all-in-one-wp-migration</code> domain was triggered too early. This is usually an indicator for some code in the plugin or theme running too early. Translations should be loaded at the <code>init</code> action or later. Please see <a href="https://developer.wordpress.org/advanced-administration/debug/debug-wordpress/">Debugging in WordPress</a> for more information. (This message was added in version 6.7.0.) in /home/u777841430/domains/antiquewhite-lobster-817950.hostingersite.com/public_html/wp-includes/functions.php on line 6121
[26-May-2025 18:30:18 UTC] Rewrite rules flushed
[26-May-2025 18:30:18 UTC] PHP Notice:  Function _load_textdomain_just_in_time was called <strong>incorrectly</strong>. Translation loading for the <code>all-in-one-wp-migration</code> domain was triggered too early. This is usually an indicator for some code in the plugin or theme running too early. Translations should be loaded at the <code>init</code> action or later. Please see <a href="https://developer.wordpress.org/advanced-administration/debug/debug-wordpress/">Debugging in WordPress</a> for more information. (This message was added in version 6.7.0.) in /home/u777841430/domains/antiquewhite-lobster-817950.hostingersite.com/public_html/wp-includes/functions.php on line 6121
[26-May-2025 18:30:19 UTC] PHP Notice:  Function _load_textdomain_just_in_time was called <strong>incorrectly</strong>. Translation loading for the <code>all-in-one-wp-migration</code> domain was triggered too early. This is usually an indicator for some code in the plugin or theme running too early. Translations should be loaded at the <code>init</code> action or later. Please see <a href="https://developer.wordpress.org/advanced-administration/debug/debug-wordpress/">Debugging in WordPress</a> for more information. (This message was added in version 6.7.0.) in /home/u777841430/domains/antiquewhite-lobster-817950.hostingersite.com/public_html/wp-includes/functions.php on line 6121
[26-May-2025 18:30:19 UTC] Rewrite rules flushed
[26-May-2025 18:30:21 UTC] Rewrite rules flushed
[26-May-2025 18:30:21 UTC] PHP Notice:  Function _load_textdomain_just_in_time was called <strong>incorrectly</strong>. Translation loading for the <code>all-in-one-wp-migration</code> domain was triggered too early. This is usually an indicator for some code in the plugin or theme running too early. Translations should be loaded at the <code>init</code> action or later. Please see <a href="https://developer.wordpress.org/advanced-administration/debug/debug-wordpress/">Debugging in WordPress</a> for more information. (This message was added in version 6.7.0.) in /home/u777841430/domains/antiquewhite-lobster-817950.hostingersite.com/public_html/wp-includes/functions.php on line 6121
[26-May-2025 18:30:25 UTC] Rewrite rules flushed
[26-May-2025 18:30:26 UTC] Rewrite rules flushed
[26-May-2025 18:30:28 UTC] Rewrite rules flushed
[26-May-2025 18:30:30 UTC] PHP Notice: https://planet.wordpress.org/feed/ is invalid XML, likely due to invalid characters. XML error: > required at line 6, column 24 in /home/u777841430/domains/antiquewhite-lobster-817950.hostingersite.com/public_html/wp-includes/SimplePie/src/SimplePie.php on line 1698
[26-May-2025 18:32:29 UTC] Rewrite rules flushed
[26-May-2025 18:32:30 UTC] Rewrite rules flushed
[26-May-2025 18:32:30 UTC] Rewrite rules flushed
[26-May-2025 18:34:30 UTC] Rewrite rules flushed
[26-May-2025 18:34:30 UTC] Rewrite rules flushed
[26-May-2025 18:34:30 UTC] Rewrite rules flushed
[26-May-2025 18:36:30 UTC] Rewrite rules flushed
[26-May-2025 18:36:30 UTC] Rewrite rules flushed
[26-May-2025 18:36:30 UTC] Rewrite rules flushed
[26-May-2025 18:38:31 UTC] Rewrite rules flushed
[26-May-2025 18:38:31 UTC] Rewrite rules flushed
[26-May-2025 18:38:31 UTC] Rewrite rules flushed
[26-May-2025 18:40:32 UTC] Rewrite rules flushed
[26-May-2025 18:40:32 UTC] Rewrite rules flushed
[26-May-2025 18:40:32 UTC] Rewrite rules flushed
[26-May-2025 18:42:33 UTC] Rewrite rules flushed
[26-May-2025 18:42:33 UTC] Rewrite rules flushed
[26-May-2025 18:42:33 UTC] Rewrite rules flushed
[26-May-2025 18:44:34 UTC] Rewrite rules flushed
[26-May-2025 18:44:34 UTC] Rewrite rules flushed
[26-May-2025 18:44:34 UTC] Rewrite rules flushed
[26-May-2025 18:46:35 UTC] Rewrite rules flushed
[26-May-2025 18:46:35 UTC] Rewrite rules flushed
[26-May-2025 18:46:35 UTC] Rewrite rules flushed
[26-May-2025 18:48:35 UTC] Rewrite rules flushed
[26-May-2025 18:48:35 UTC] Rewrite rules flushed
[26-May-2025 18:48:35 UTC] Rewrite rules flushed
[26-May-2025 18:50:36 UTC] Rewrite rules flushed
[26-May-2025 18:50:36 UTC] Rewrite rules flushed
[26-May-2025 18:50:36 UTC] Rewrite rules flushed
[26-May-2025 18:52:36 UTC] Rewrite rules flushed
[26-May-2025 18:52:36 UTC] Rewrite rules flushed
[26-May-2025 18:52:36 UTC] Rewrite rules flushed
[26-May-2025 18:54:36 UTC] Rewrite rules flushed
[26-May-2025 18:54:36 UTC] Rewrite rules flushed
[26-May-2025 18:54:36 UTC] Rewrite rules flushed
[26-May-2025 18:56:36 UTC] Rewrite rules flushed
[26-May-2025 18:56:36 UTC] Rewrite rules flushed
[26-May-2025 18:56:36 UTC] Rewrite rules flushed
[26-May-2025 18:58:36 UTC] Rewrite rules flushed
[26-May-2025 18:58:36 UTC] Rewrite rules flushed
[26-May-2025 18:58:36 UTC] Rewrite rules flushed
[26-May-2025 19:00:36 UTC] Rewrite rules flushed
[26-May-2025 19:00:36 UTC] Rewrite rules flushed
[26-May-2025 19:00:36 UTC] Rewrite rules flushed
